<?xml version="1.0" encoding="UTF-8"?>
<testsuite xmlns:xsi="http://www.w3.org/2001/XMLSchema-instance" xsi:noNamespaceSchemaLocation="https://maven.apache.org/surefire/maven-surefire-plugin/xsd/surefire-test-report.xsd" name="com.azure.AppTest" time="102.43" tests="1" errors="0" skipped="0" failures="0">
  <properties>
    <property name="sun.desktop" value="windows"/>
    <property name="awt.toolkit" value="sun.awt.windows.WToolkit"/>
    <property name="file.encoding.pkg" value="sun.io"/>
    <property name="java.specification.version" value="1.8"/>
    <property name="sun.cpu.isalist" value="amd64"/>
    <property name="sun.jnu.encoding" value="Cp1252"/>
    <property name="java.class.path" value="C:\gopal\eclipse\MyWorkspace\azure\target\test-classes;C:\gopal\eclipse\MyWorkspace\azure\target\classes;C:\Users\gopal\.m2\repository\junit\junit\4.11\junit-4.11.jar;C:\Users\gopal\.m2\repository\org\hamcrest\hamcrest-core\1.3\hamcrest-core-1.3.jar;C:\Users\gopal\.m2\repository\com\azure\azure-core\1.13.0\azure-core-1.13.0.jar;C:\Users\gopal\.m2\repository\com\fasterxml\jackson\datatype\jackson-datatype-jsr310\2.11.3\jackson-datatype-jsr310-2.11.3.jar;C:\Users\gopal\.m2\repository\com\fasterxml\jackson\core\jackson-annotations\2.11.3\jackson-annotations-2.11.3.jar;C:\Users\gopal\.m2\repository\com\fasterxml\jackson\core\jackson-core\2.11.3\jackson-core-2.11.3.jar;C:\Users\gopal\.m2\repository\com\fasterxml\jackson\core\jackson-databind\2.11.3\jackson-databind-2.11.3.jar;C:\Users\gopal\.m2\repository\com\fasterxml\jackson\dataformat\jackson-dataformat-xml\2.11.3\jackson-dataformat-xml-2.11.3.jar;C:\Users\gopal\.m2\repository\com\fasterxml\jackson\module\jackson-module-jaxb-annotations\2.11.3\jackson-module-jaxb-annotations-2.11.3.jar;C:\Users\gopal\.m2\repository\jakarta\xml\bind\jakarta.xml.bind-api\2.3.2\jakarta.xml.bind-api-2.3.2.jar;C:\Users\gopal\.m2\repository\jakarta\activation\jakarta.activation-api\1.2.1\jakarta.activation-api-1.2.1.jar;C:\Users\gopal\.m2\repository\org\codehaus\woodstox\stax2-api\4.2.1\stax2-api-4.2.1.jar;C:\Users\gopal\.m2\repository\com\fasterxml\woodstox\woodstox-core\6.2.1\woodstox-core-6.2.1.jar;C:\Users\gopal\.m2\repository\io\projectreactor\reactor-core\3.3.12.RELEASE\reactor-core-3.3.12.RELEASE.jar;C:\Users\gopal\.m2\repository\org\reactivestreams\reactive-streams\1.0.3\reactive-streams-1.0.3.jar;C:\Users\gopal\.m2\repository\io\netty\netty-tcnative-boringssl-static\2.0.35.Final\netty-tcnative-boringssl-static-2.0.35.Final.jar;C:\Users\gopal\.m2\repository\com\azure\azure-messaging-servicebus\7.0.2\azure-messaging-servicebus-7.0.2.jar;C:\Users\gopal\.m2\repository\com\azure\azure-core-amqp\2.0.2\azure-core-amqp-2.0.2.jar;C:\Users\gopal\.m2\repository\com\microsoft\azure\qpid-proton-j-extensions\1.2.3\qpid-proton-j-extensions-1.2.3.jar;C:\Users\gopal\.m2\repository\org\apache\qpid\proton-j\0.33.4\proton-j-0.33.4.jar;C:\Users\gopal\.m2\repository\com\azure\azure-core-http-netty\1.8.0\azure-core-http-netty-1.8.0.jar;C:\Users\gopal\.m2\repository\io\netty\netty-handler\4.1.54.Final\netty-handler-4.1.54.Final.jar;C:\Users\gopal\.m2\repository\io\netty\netty-common\4.1.54.Final\netty-common-4.1.54.Final.jar;C:\Users\gopal\.m2\repository\io\netty\netty-resolver\4.1.54.Final\netty-resolver-4.1.54.Final.jar;C:\Users\gopal\.m2\repository\io\netty\netty-transport\4.1.54.Final\netty-transport-4.1.54.Final.jar;C:\Users\gopal\.m2\repository\io\netty\netty-codec\4.1.54.Final\netty-codec-4.1.54.Final.jar;C:\Users\gopal\.m2\repository\io\netty\netty-handler-proxy\4.1.54.Final\netty-handler-proxy-4.1.54.Final.jar;C:\Users\gopal\.m2\repository\io\netty\netty-codec-socks\4.1.54.Final\netty-codec-socks-4.1.54.Final.jar;C:\Users\gopal\.m2\repository\io\netty\netty-buffer\4.1.54.Final\netty-buffer-4.1.54.Final.jar;C:\Users\gopal\.m2\repository\io\netty\netty-codec-http\4.1.54.Final\netty-codec-http-4.1.54.Final.jar;C:\Users\gopal\.m2\repository\io\netty\netty-codec-http2\4.1.54.Final\netty-codec-http2-4.1.54.Final.jar;C:\Users\gopal\.m2\repository\io\netty\netty-transport-native-unix-common\4.1.54.Final\netty-transport-native-unix-common-4.1.54.Final.jar;C:\Users\gopal\.m2\repository\io\netty\netty-transport-native-epoll\4.1.54.Final\netty-transport-native-epoll-4.1.54.Final-linux-x86_64.jar;C:\Users\gopal\.m2\repository\io\netty\netty-transport-native-kqueue\4.1.54.Final\netty-transport-native-kqueue-4.1.54.Final-osx-x86_64.jar;C:\Users\gopal\.m2\repository\io\projectreactor\netty\reactor-netty\0.9.15.RELEASE\reactor-netty-0.9.15.RELEASE.jar;C:\Users\gopal\.m2\repository\org\slf4j\slf4j-api\1.7.5\slf4j-api-1.7.5.jar;C:\Users\gopal\.m2\repository\org\slf4j\slf4j-log4j12\1.7.5\slf4j-log4j12-1.7.5.jar;C:\Users\gopal\.m2\repository\log4j\log4j\1.2.17\log4j-1.2.17.jar;C:\Users\gopal\.m2\repository\org\testng\testng\6.14.3\testng-6.14.3.jar;C:\Users\gopal\.m2\repository\com\beust\jcommander\1.72\jcommander-1.72.jar;C:\Users\gopal\.m2\repository\org\apache-extras\beanshell\bsh\2.0b6\bsh-2.0b6.jar;C:\Users\gopal\.m2\repository\xmlunit\xmlunit\1.6\xmlunit-1.6.jar;"/>
    <property name="java.vm.vendor" value="Oracle Corporation"/>
    <property name="sun.arch.data.model" value="64"/>
    <property name="user.variant" value=""/>
    <property name="java.vendor.url" value="http://java.oracle.com/"/>
    <property name="user.timezone" value="Asia/Calcutta"/>
    <property name="java.vm.specification.version" value="1.8"/>
    <property name="os.name" value="Windows 10"/>
    <property name="user.country" value="IN"/>
    <property name="sun.java.launcher" value="SUN_STANDARD"/>
    <property name="sun.boot.library.path" value="C:\Program Files\Java\jdk1.8.0_281\jre\bin"/>
    <property name="sun.java.command" value="C:\Users\gopal\AppData\Local\Temp\surefire1130452406916258307\surefirebooter949122162328398987.jar C:\Users\gopal\AppData\Local\Temp\surefire1130452406916258307 2021-10-27T11-45-25_772-jvmRun1 surefire1087675300056564440tmp surefire_06240187855448193816tmp"/>
    <property name="surefire.test.class.path" value="C:\gopal\eclipse\MyWorkspace\azure\target\test-classes;C:\gopal\eclipse\MyWorkspace\azure\target\classes;C:\Users\gopal\.m2\repository\junit\junit\4.11\junit-4.11.jar;C:\Users\gopal\.m2\repository\org\hamcrest\hamcrest-core\1.3\hamcrest-core-1.3.jar;C:\Users\gopal\.m2\repository\com\azure\azure-core\1.13.0\azure-core-1.13.0.jar;C:\Users\gopal\.m2\repository\com\fasterxml\jackson\datatype\jackson-datatype-jsr310\2.11.3\jackson-datatype-jsr310-2.11.3.jar;C:\Users\gopal\.m2\repository\com\fasterxml\jackson\core\jackson-annotations\2.11.3\jackson-annotations-2.11.3.jar;C:\Users\gopal\.m2\repository\com\fasterxml\jackson\core\jackson-core\2.11.3\jackson-core-2.11.3.jar;C:\Users\gopal\.m2\repository\com\fasterxml\jackson\core\jackson-databind\2.11.3\jackson-databind-2.11.3.jar;C:\Users\gopal\.m2\repository\com\fasterxml\jackson\dataformat\jackson-dataformat-xml\2.11.3\jackson-dataformat-xml-2.11.3.jar;C:\Users\gopal\.m2\repository\com\fasterxml\jackson\module\jackson-module-jaxb-annotations\2.11.3\jackson-module-jaxb-annotations-2.11.3.jar;C:\Users\gopal\.m2\repository\jakarta\xml\bind\jakarta.xml.bind-api\2.3.2\jakarta.xml.bind-api-2.3.2.jar;C:\Users\gopal\.m2\repository\jakarta\activation\jakarta.activation-api\1.2.1\jakarta.activation-api-1.2.1.jar;C:\Users\gopal\.m2\repository\org\codehaus\woodstox\stax2-api\4.2.1\stax2-api-4.2.1.jar;C:\Users\gopal\.m2\repository\com\fasterxml\woodstox\woodstox-core\6.2.1\woodstox-core-6.2.1.jar;C:\Users\gopal\.m2\repository\io\projectreactor\reactor-core\3.3.12.RELEASE\reactor-core-3.3.12.RELEASE.jar;C:\Users\gopal\.m2\repository\org\reactivestreams\reactive-streams\1.0.3\reactive-streams-1.0.3.jar;C:\Users\gopal\.m2\repository\io\netty\netty-tcnative-boringssl-static\2.0.35.Final\netty-tcnative-boringssl-static-2.0.35.Final.jar;C:\Users\gopal\.m2\repository\com\azure\azure-messaging-servicebus\7.0.2\azure-messaging-servicebus-7.0.2.jar;C:\Users\gopal\.m2\repository\com\azure\azure-core-amqp\2.0.2\azure-core-amqp-2.0.2.jar;C:\Users\gopal\.m2\repository\com\microsoft\azure\qpid-proton-j-extensions\1.2.3\qpid-proton-j-extensions-1.2.3.jar;C:\Users\gopal\.m2\repository\org\apache\qpid\proton-j\0.33.4\proton-j-0.33.4.jar;C:\Users\gopal\.m2\repository\com\azure\azure-core-http-netty\1.8.0\azure-core-http-netty-1.8.0.jar;C:\Users\gopal\.m2\repository\io\netty\netty-handler\4.1.54.Final\netty-handler-4.1.54.Final.jar;C:\Users\gopal\.m2\repository\io\netty\netty-common\4.1.54.Final\netty-common-4.1.54.Final.jar;C:\Users\gopal\.m2\repository\io\netty\netty-resolver\4.1.54.Final\netty-resolver-4.1.54.Final.jar;C:\Users\gopal\.m2\repository\io\netty\netty-transport\4.1.54.Final\netty-transport-4.1.54.Final.jar;C:\Users\gopal\.m2\repository\io\netty\netty-codec\4.1.54.Final\netty-codec-4.1.54.Final.jar;C:\Users\gopal\.m2\repository\io\netty\netty-handler-proxy\4.1.54.Final\netty-handler-proxy-4.1.54.Final.jar;C:\Users\gopal\.m2\repository\io\netty\netty-codec-socks\4.1.54.Final\netty-codec-socks-4.1.54.Final.jar;C:\Users\gopal\.m2\repository\io\netty\netty-buffer\4.1.54.Final\netty-buffer-4.1.54.Final.jar;C:\Users\gopal\.m2\repository\io\netty\netty-codec-http\4.1.54.Final\netty-codec-http-4.1.54.Final.jar;C:\Users\gopal\.m2\repository\io\netty\netty-codec-http2\4.1.54.Final\netty-codec-http2-4.1.54.Final.jar;C:\Users\gopal\.m2\repository\io\netty\netty-transport-native-unix-common\4.1.54.Final\netty-transport-native-unix-common-4.1.54.Final.jar;C:\Users\gopal\.m2\repository\io\netty\netty-transport-native-epoll\4.1.54.Final\netty-transport-native-epoll-4.1.54.Final-linux-x86_64.jar;C:\Users\gopal\.m2\repository\io\netty\netty-transport-native-kqueue\4.1.54.Final\netty-transport-native-kqueue-4.1.54.Final-osx-x86_64.jar;C:\Users\gopal\.m2\repository\io\projectreactor\netty\reactor-netty\0.9.15.RELEASE\reactor-netty-0.9.15.RELEASE.jar;C:\Users\gopal\.m2\repository\org\slf4j\slf4j-api\1.7.5\slf4j-api-1.7.5.jar;C:\Users\gopal\.m2\repository\org\slf4j\slf4j-log4j12\1.7.5\slf4j-log4j12-1.7.5.jar;C:\Users\gopal\.m2\repository\log4j\log4j\1.2.17\log4j-1.2.17.jar;C:\Users\gopal\.m2\repository\org\testng\testng\6.14.3\testng-6.14.3.jar;C:\Users\gopal\.m2\repository\com\beust\jcommander\1.72\jcommander-1.72.jar;C:\Users\gopal\.m2\repository\org\apache-extras\beanshell\bsh\2.0b6\bsh-2.0b6.jar;C:\Users\gopal\.m2\repository\xmlunit\xmlunit\1.6\xmlunit-1.6.jar;"/>
    <property name="sun.cpu.endian" value="little"/>
    <property name="user.home" value="C:\Users\gopal"/>
    <property name="user.language" value="en"/>
    <property name="java.specification.vendor" value="Oracle Corporation"/>
    <property name="java.home" value="C:\Program Files\Java\jdk1.8.0_281\jre"/>
    <property name="basedir" value="C:\gopal\eclipse\MyWorkspace\azure"/>
    <property name="file.separator" value="\"/>
    <property name="line.separator" value="&#10;"/>
    <property name="java.vm.specification.vendor" value="Oracle Corporation"/>
    <property name="java.specification.name" value="Java Platform API Specification"/>
    <property name="java.awt.graphicsenv" value="sun.awt.Win32GraphicsEnvironment"/>
    <property name="surefire.real.class.path" value="C:\Users\gopal\AppData\Local\Temp\surefire1130452406916258307\surefirebooter949122162328398987.jar"/>
    <property name="sun.boot.class.path" value="C:\Program Files\Java\jdk1.8.0_281\jre\lib\resources.jar;C:\Program Files\Java\jdk1.8.0_281\jre\lib\rt.jar;C:\Program Files\Java\jdk1.8.0_281\jre\lib\sunrsasign.jar;C:\Program Files\Java\jdk1.8.0_281\jre\lib\jsse.jar;C:\Program Files\Java\jdk1.8.0_281\jre\lib\jce.jar;C:\Program Files\Java\jdk1.8.0_281\jre\lib\charsets.jar;C:\Program Files\Java\jdk1.8.0_281\jre\lib\jfr.jar;C:\Program Files\Java\jdk1.8.0_281\jre\classes"/>
    <property name="user.script" value=""/>
    <property name="sun.management.compiler" value="HotSpot 64-Bit Tiered Compilers"/>
    <property name="java.runtime.version" value="1.8.0_281-b09"/>
    <property name="user.name" value="gopal"/>
    <property name="path.separator" value=";"/>
    <property name="os.version" value="10.0"/>
    <property name="java.endorsed.dirs" value="C:\Program Files\Java\jdk1.8.0_281\jre\lib\endorsed"/>
    <property name="java.runtime.name" value="Java(TM) SE Runtime Environment"/>
    <property name="file.encoding" value="Cp1252"/>
    <property name="java.vm.name" value="Java HotSpot(TM) 64-Bit Server VM"/>
    <property name="localRepository" value="C:\Users\gopal\.m2\repository"/>
    <property name="java.vendor.url.bug" value="http://bugreport.sun.com/bugreport/"/>
    <property name="java.io.tmpdir" value="C:\Users\gopal\AppData\Local\Temp\"/>
    <property name="java.version" value="1.8.0_281"/>
    <property name="user.dir" value="C:\gopal\eclipse\MyWorkspace\azure"/>
    <property name="os.arch" value="amd64"/>
    <property name="java.vm.specification.name" value="Java Virtual Machine Specification"/>
    <property name="java.awt.printerjob" value="sun.awt.windows.WPrinterJob"/>
    <property name="sun.os.patch.level" value=""/>
    <property name="java.library.path" value="C:\Program Files\Java\jdk1.8.0_281\jre\bin;C:\WINDOWS\Sun\Java\bin;C:\WINDOWS\system32;C:\WINDOWS;C:/Users/gopal/.p2/pool/plugins/org.eclipse.justj.openjdk.hotspot.jre.full.win32.x86_64_16.0.2.v20210721-1149/jre/bin/server;C:/Users/gopal/.p2/pool/plugins/org.eclipse.justj.openjdk.hotspot.jre.full.win32.x86_64_16.0.2.v20210721-1149/jre/bin;C:\Program Files\Amazon Corretto\jdk11.0.12_7\bin;C:\Program Files (x86)\Common Files\Oracle\Java\javapath;C:\WINDOWS\system32;C:\WINDOWS;C:\WINDOWS\System32\Wbem;C:\WINDOWS\System32\WindowsPowerShell\v1.0\;C:\WINDOWS\System32\OpenSSH\;C:\Program Files\Amazon Corretto\jdk11.0.12_7\bin;C:\Program Files (x86)\Groovy\bin;C:\Program Files\SourceGear\Common\DiffMerge\;C:\Program Files\dotnet\;C:\Program Files\Git\cmd;C:\Program Files\Docker\Docker\resources\bin;C:\ProgramData\DockerDesktop\version-bin;C:\Program Files\nodejs\;C:\ProgramData\chocolatey\bin;C:\Program Files\Go\bin;C:\strawberry\c\bin;C:\strawberry\perl\bin;C:\Users\gopal\AppData\Local\Programs\Python\Python39\Scripts\;C:\Users\gopal\AppData\Local\Programs\Python\Python39\;C:\Users\gopal\AppData\Local\Microsoft\WindowsApps;C:\gopal\tools\apache-maven-3.6.3\bin;C:\Users\gopal\AppData\Local\Programs\Microsoft VS Code\bin;C:\Program Files\JetBrains\IntelliJ IDEA Community Edition 2021.2\bin;;C:\Users\gopal\.dotnet\tools;C:\Users\gopal\AppData\Roaming\npm;C:\Program Files\MongoDB\Server\5.0\bin;C:\Users\gopal\AppData\Local\Programs\mongosh\;C:\Users\gopal\go\bin;;C:\WINDOWS\system32;;."/>
    <property name="java.vm.info" value="mixed mode"/>
    <property name="java.vendor" value="Oracle Corporation"/>
    <property name="java.vm.version" value="25.281-b09"/>
    <property name="java.ext.dirs" value="C:\Program Files\Java\jdk1.8.0_281\jre\lib\ext;C:\WINDOWS\Sun\Java\lib\ext"/>
    <property name="sun.io.unicode.encoding" value="UnicodeLittle"/>
    <property name="java.class.version" value="52.0"/>
  </properties>
  <testcase name="azurTest" classname="com.azure.AppTest" time="102.078"/>
</testsuite>