<?xml version="1.0" encoding="UTF-8"?>
<!-- Generated by org.testng.reporters.JUnitReportReporter -->
<testsuite skipped="0" hostname="LAPTOP-9933OBD2" name="com.azure.AppTest" tests="1" failures="0" timestamp="27 Oct 2021 06:17:08 GMT" time="102.077" errors="0">
  <testcase name="azurTest" time="102.077" classname="com.azure.AppTest"/>
</testsuite> <!-- com.azure.AppTest -->
