<?xml version="1.0" encoding="UTF-8"?>
<!-- Generated by org.testng.reporters.JUnitReportReporter -->
<testsuite hostname="lin80026627" failures="0" tests="1" name="com.azure.AppTest" time="2.423" errors="0" timestamp="05 Nov 2021 11:54:55 GMT" skipped="0">
  <testcase classname="com.azure.AppTest" name="azurTest" time="2.423"/>
</testsuite> <!-- com.azure.AppTest -->
