<?xml version="1.0" encoding="UTF-8"?>
<!-- Generated by org.testng.reporters.JUnitReportReporter -->
<testsuite hostname="lin80026627" failures="0" tests="3" name="com.azure.AppTest" time="66.556" errors="0" timestamp="14 Mar 2022 09:03:47 GMT" skipped="0">
  <testcase classname="com.azure.AppTest" name="Queue" time="42.949"/>
  <testcase classname="com.azure.AppTest" name="DeadLetterQueue" time="12.218"/>
  <testcase classname="com.azure.AppTest" name="Topic" time="11.389"/>
</testsuite> <!-- com.azure.AppTest -->
